<?xml version="1.0" encoding="UTF-8"?>
<!-- Generated by org.testng.reporters.JUnitXMLReporter -->
<testsuite ignored="0" hostname="SAIBABA" failures="0" tests="3" name="Default test" time="33.072" errors="0" timestamp="2025-02-22T19:45:51 EST">
  <testcase classname="selenium.tests.submitorder" name="submitOrder" time="5.157"/>
  <testcase classname="selenium.tests.submitorder" name="submitOrder" time="5.173"/>
  <testcase classname="selenium.tests.submitorder" name="OrderHistoryTest" time="1.379"/>
</testsuite> <!-- Default test -->
