<?xml version="1.0" encoding="UTF-8"?>
<!-- Generated by org.testng.reporters.JUnitXMLReporter -->
<testsuite ignored="0" hostname="SAIBABA" failures="0" tests="2" name="Error validation Test" time="25.882" errors="0" timestamp="2025-02-24T10:13:34 EST">
  <testcase classname="selenium.tests.ErrorValidationsTest" name="LoginErrorValidation" time="1.107"/>
  <testcase classname="selenium.tests.ErrorValidationsTest" name="ProductErrorValidation" time="12.527"/>
</testsuite> <!-- Error validation Test -->
