<?xml version="1.0" encoding="UTF-8"?>
<!-- Generated by org.testng.reporters.JUnitXMLReporter -->
<testsuite ignored="0" hostname="SAIBABA" failures="0" tests="3" name="Submit order Test" time="23.601" errors="0" timestamp="2025-02-24T10:13:32 EST">
  <testcase classname="selenium.tests.submitorder" name="submitOrder" time="3.896"/>
  <testcase classname="selenium.tests.submitorder" name="submitOrder" time="3.885"/>
  <testcase classname="selenium.tests.submitorder" name="OrderHistoryTest" time="0.88"/>
</testsuite> <!-- Submit order Test -->
