<?xml version="1.0" encoding="UTF-8"?>
<!-- Generated by org.testng.reporters.JUnitXMLReporter -->
<testsuite ignored="0" hostname="SAIBABA" failures="0" tests="2" name="Error validation Test" time="13.962" errors="0" timestamp="2025-02-24T14:42:39 EST">
  <testcase classname="selenium.tests.ErrorValidationsTest" name="LoginErrorValidation" time="1.142"/>
  <testcase classname="selenium.tests.ErrorValidationsTest" name="ProductErrorValidation" time="2.836"/>
</testsuite> <!-- Error validation Test -->
