<?xml version="1.0" encoding="UTF-8"?>
<!-- Generated by org.testng.reporters.JUnitXMLReporter -->
<testsuite ignored="0" hostname="SAIBABA" failures="0" tests="3" name="Submit order Test" time="23.495" errors="0" timestamp="2025-02-24T14:42:49 EST">
  <testcase classname="selenium.tests.submitorder" name="submitOrder" time="3.972"/>
  <testcase classname="selenium.tests.submitorder" name="submitOrder" time="3.765"/>
  <testcase classname="selenium.tests.submitorder" name="OrderHistoryTest" time="0.883"/>
</testsuite> <!-- Submit order Test -->
