<?xml version="1.0" encoding="UTF-8"?>
<testng-results ignored="0" total="5" passed="5" failed="0" skipped="0">
  <reporter-output>
  </reporter-output>
  <suite started-at="2025-02-24T14:42:25 EST" name="Suite" finished-at="2025-02-24T14:42:49 EST" duration-ms="23495">
    <groups>
      <group name="ErrorHandling">
        <method signature="ErrorValidationsTest.LoginErrorValidation()[pri:0, instance:selenium.tests.ErrorValidationsTest@1c9b0314]" name="LoginErrorValidation" class="selenium.tests.ErrorValidationsTest"/>
      </group> <!-- ErrorHandling -->
      <group name="Purchase">
        <method signature="submitorder.submitOrder(java.util.HashMap)[pri:0, instance:selenium.tests.submitorder@673fdbce]" name="submitOrder" class="selenium.tests.submitorder"/>
      </group> <!-- Purchase -->
    </groups>
    <test started-at="2025-02-24T14:42:25 EST" name="Error validation Test" finished-at="2025-02-24T14:42:39 EST" duration-ms="13962">
      <class name="selenium.tests.ErrorValidationsTest">
        <test-method is-config="true" signature="launchApplication()[pri:0, instance:selenium.tests.ErrorValidationsTest@1c9b0314]" started-at="2025-02-24T14:42:25 EST" name="launchApplication" finished-at="2025-02-24T14:42:31 EST" duration-ms="5537" status="PASS">
          <reporter-output>
          </reporter-output>
        </test-method> <!-- launchApplication -->
        <test-method signature="LoginErrorValidation()[pri:0, instance:selenium.tests.ErrorValidationsTest@1c9b0314]" started-at="2025-02-24T14:42:31 EST" name="LoginErrorValidation" finished-at="2025-02-24T14:42:32 EST" duration-ms="1142" status="PASS">
          <reporter-output>
          </reporter-output>
        </test-method> <!-- LoginErrorValidation -->
        <test-method is-config="true" signature="tearDown()[pri:0, instance:selenium.tests.ErrorValidationsTest@1c9b0314]" started-at="2025-02-24T14:42:32 EST" name="tearDown" finished-at="2025-02-24T14:42:32 EST" duration-ms="204" status="PASS">
          <reporter-output>
          </reporter-output>
        </test-method> <!-- tearDown -->
        <test-method is-config="true" signature="launchApplication()[pri:0, instance:selenium.tests.ErrorValidationsTest@1c9b0314]" started-at="2025-02-24T14:42:32 EST" name="launchApplication" finished-at="2025-02-24T14:42:36 EST" duration-ms="3673" status="PASS">
          <reporter-output>
          </reporter-output>
        </test-method> <!-- launchApplication -->
        <test-method signature="ProductErrorValidation()[pri:0, instance:selenium.tests.ErrorValidationsTest@1c9b0314]" started-at="2025-02-24T14:42:36 EST" name="ProductErrorValidation" finished-at="2025-02-24T14:42:38 EST" duration-ms="2836" status="PASS">
          <reporter-output>
          </reporter-output>
        </test-method> <!-- ProductErrorValidation -->
        <test-method is-config="true" signature="tearDown()[pri:0, instance:selenium.tests.ErrorValidationsTest@1c9b0314]" started-at="2025-02-24T14:42:38 EST" name="tearDown" finished-at="2025-02-24T14:42:39 EST" duration-ms="526" status="PASS">
          <reporter-output>
          </reporter-output>
        </test-method> <!-- tearDown -->
      </class> <!-- selenium.tests.ErrorValidationsTest -->
    </test> <!-- Error validation Test -->
    <test started-at="2025-02-24T14:42:25 EST" name="Submit order Test" finished-at="2025-02-24T14:42:49 EST" duration-ms="23495">
      <class name="selenium.tests.submitorder">
        <test-method is-config="true" signature="launchApplication()[pri:0, instance:selenium.tests.submitorder@673fdbce]" started-at="2025-02-24T14:42:25 EST" name="launchApplication" finished-at="2025-02-24T14:42:32 EST" duration-ms="6573" status="PASS">
          <reporter-output>
          </reporter-output>
        </test-method> <!-- launchApplication -->
        <test-method signature="submitOrder(java.util.HashMap)[pri:0, instance:selenium.tests.submitorder@673fdbce]" started-at="2025-02-24T14:42:32 EST" name="submitOrder" data-provider="getData" finished-at="2025-02-24T14:42:36 EST" duration-ms="3972" status="PASS">
          <params>
            <param index="0">
              <value>
                <![CDATA[{password=Sadhguru1@, product=ZARA COAT 3, email=sindhuchowdary.qa@gmail.com}]]>
              </value>
            </param>
          </params>
          <reporter-output>
          </reporter-output>
        </test-method> <!-- submitOrder -->
        <test-method is-config="true" signature="tearDown()[pri:0, instance:selenium.tests.submitorder@673fdbce]" started-at="2025-02-24T14:42:36 EST" name="tearDown" finished-at="2025-02-24T14:42:36 EST" duration-ms="178" status="PASS">
          <reporter-output>
          </reporter-output>
        </test-method> <!-- tearDown -->
        <test-method is-config="true" signature="launchApplication()[pri:0, instance:selenium.tests.submitorder@673fdbce]" started-at="2025-02-24T14:42:36 EST" name="launchApplication" finished-at="2025-02-24T14:42:40 EST" duration-ms="3919" status="PASS">
          <reporter-output>
          </reporter-output>
        </test-method> <!-- launchApplication -->
        <test-method signature="submitOrder(java.util.HashMap)[pri:0, instance:selenium.tests.submitorder@673fdbce]" started-at="2025-02-24T14:42:40 EST" name="submitOrder" data-provider="getData" finished-at="2025-02-24T14:42:44 EST" duration-ms="3765" status="PASS">
          <params>
            <param index="0">
              <value>
                <![CDATA[{password=Pradeep1@, product=ADIDAS ORIGINAL, email=bijjam93@gmail.com}]]>
              </value>
            </param>
          </params>
          <reporter-output>
          </reporter-output>
        </test-method> <!-- submitOrder -->
        <test-method is-config="true" signature="tearDown()[pri:0, instance:selenium.tests.submitorder@673fdbce]" started-at="2025-02-24T14:42:44 EST" name="tearDown" finished-at="2025-02-24T14:42:44 EST" duration-ms="149" status="PASS">
          <reporter-output>
          </reporter-output>
        </test-method> <!-- tearDown -->
        <test-method is-config="true" signature="launchApplication()[pri:0, instance:selenium.tests.submitorder@673fdbce]" started-at="2025-02-24T14:42:44 EST" name="launchApplication" finished-at="2025-02-24T14:42:47 EST" duration-ms="3656" status="PASS">
          <reporter-output>
          </reporter-output>
        </test-method> <!-- launchApplication -->
        <test-method signature="OrderHistoryTest()[pri:0, instance:selenium.tests.submitorder@673fdbce]" started-at="2025-02-24T14:42:47 EST" name="OrderHistoryTest" finished-at="2025-02-24T14:42:48 EST" depends-on-methods="selenium.tests.submitorder.submitOrder" duration-ms="883" status="PASS">
          <reporter-output>
          </reporter-output>
        </test-method> <!-- OrderHistoryTest -->
        <test-method is-config="true" signature="tearDown()[pri:0, instance:selenium.tests.submitorder@673fdbce]" started-at="2025-02-24T14:42:48 EST" name="tearDown" finished-at="2025-02-24T14:42:49 EST" duration-ms="168" status="PASS">
          <reporter-output>
          </reporter-output>
        </test-method> <!-- tearDown -->
      </class> <!-- selenium.tests.submitorder -->
    </test> <!-- Submit order Test -->
  </suite> <!-- Suite -->
</testng-results>
