<?xml version="1.0" encoding="UTF-8"?>
<testng-results ignored="0" total="5" passed="5" failed="0" skipped="0">
  <reporter-output>
  </reporter-output>
  <suite started-at="2025-02-24T10:13:08 EST" name="Suite" finished-at="2025-02-24T10:13:34 EST" duration-ms="25882">
    <groups>
      <group name="ErrorHandling">
        <method signature="ErrorValidationsTest.LoginErrorValidation()[pri:0, instance:selenium.tests.ErrorValidationsTest@14bdbc74]" name="LoginErrorValidation" class="selenium.tests.ErrorValidationsTest"/>
      </group> <!-- ErrorHandling -->
      <group name="Purchase">
        <method signature="submitorder.submitOrder(java.util.HashMap)[pri:0, instance:selenium.tests.submitorder@740fb309]" name="submitOrder" class="selenium.tests.submitorder"/>
      </group> <!-- Purchase -->
    </groups>
    <test started-at="2025-02-24T10:13:08 EST" name="Submit order Test" finished-at="2025-02-24T10:13:32 EST" duration-ms="23601">
      <class name="selenium.tests.submitorder">
        <test-method is-config="true" signature="launchApplication()[pri:0, instance:selenium.tests.submitorder@740fb309]" started-at="2025-02-24T10:13:08 EST" name="launchApplication" finished-at="2025-02-24T10:13:15 EST" duration-ms="6371" status="PASS">
          <reporter-output>
          </reporter-output>
        </test-method> <!-- launchApplication -->
        <test-method signature="submitOrder(java.util.HashMap)[pri:0, instance:selenium.tests.submitorder@740fb309]" started-at="2025-02-24T10:13:15 EST" name="submitOrder" data-provider="getData" finished-at="2025-02-24T10:13:18 EST" duration-ms="3896" status="PASS">
          <params>
            <param index="0">
              <value>
                <![CDATA[{password=Sadhguru1@, product=ZARA COAT 3, email=sindhuchowdary.qa@gmail.com}]]>
              </value>
            </param>
          </params>
          <reporter-output>
          </reporter-output>
        </test-method> <!-- submitOrder -->
        <test-method is-config="true" signature="tearDown()[pri:0, instance:selenium.tests.submitorder@740fb309]" started-at="2025-02-24T10:13:18 EST" name="tearDown" finished-at="2025-02-24T10:13:19 EST" duration-ms="211" status="PASS">
          <reporter-output>
          </reporter-output>
        </test-method> <!-- tearDown -->
        <test-method is-config="true" signature="launchApplication()[pri:0, instance:selenium.tests.submitorder@740fb309]" started-at="2025-02-24T10:13:19 EST" name="launchApplication" finished-at="2025-02-24T10:13:23 EST" duration-ms="3948" status="PASS">
          <reporter-output>
          </reporter-output>
        </test-method> <!-- launchApplication -->
        <test-method signature="submitOrder(java.util.HashMap)[pri:0, instance:selenium.tests.submitorder@740fb309]" started-at="2025-02-24T10:13:23 EST" name="submitOrder" data-provider="getData" finished-at="2025-02-24T10:13:27 EST" duration-ms="3885" status="PASS">
          <params>
            <param index="0">
              <value>
                <![CDATA[{password=Pradeep1@, product=ADIDAS ORIGINAL, email=bijjam93@gmail.com}]]>
              </value>
            </param>
          </params>
          <reporter-output>
          </reporter-output>
        </test-method> <!-- submitOrder -->
        <test-method is-config="true" signature="tearDown()[pri:0, instance:selenium.tests.submitorder@740fb309]" started-at="2025-02-24T10:13:27 EST" name="tearDown" finished-at="2025-02-24T10:13:27 EST" duration-ms="149" status="PASS">
          <reporter-output>
          </reporter-output>
        </test-method> <!-- tearDown -->
        <test-method is-config="true" signature="launchApplication()[pri:0, instance:selenium.tests.submitorder@740fb309]" started-at="2025-02-24T10:13:27 EST" name="launchApplication" finished-at="2025-02-24T10:13:31 EST" duration-ms="3895" status="PASS">
          <reporter-output>
          </reporter-output>
        </test-method> <!-- launchApplication -->
        <test-method signature="OrderHistoryTest()[pri:0, instance:selenium.tests.submitorder@740fb309]" started-at="2025-02-24T10:13:31 EST" name="OrderHistoryTest" finished-at="2025-02-24T10:13:31 EST" depends-on-methods="selenium.tests.submitorder.submitOrder" duration-ms="880" status="PASS">
          <reporter-output>
          </reporter-output>
        </test-method> <!-- OrderHistoryTest -->
        <test-method is-config="true" signature="tearDown()[pri:0, instance:selenium.tests.submitorder@740fb309]" started-at="2025-02-24T10:13:31 EST" name="tearDown" finished-at="2025-02-24T10:13:32 EST" duration-ms="162" status="PASS">
          <reporter-output>
          </reporter-output>
        </test-method> <!-- tearDown -->
      </class> <!-- selenium.tests.submitorder -->
    </test> <!-- Submit order Test -->
    <test started-at="2025-02-24T10:13:08 EST" name="Error validation Test" finished-at="2025-02-24T10:13:34 EST" duration-ms="25882">
      <class name="selenium.tests.ErrorValidationsTest">
        <test-method is-config="true" signature="launchApplication()[pri:0, instance:selenium.tests.ErrorValidationsTest@14bdbc74]" started-at="2025-02-24T10:13:08 EST" name="launchApplication" finished-at="2025-02-24T10:13:15 EST" duration-ms="6732" status="PASS">
          <reporter-output>
          </reporter-output>
        </test-method> <!-- launchApplication -->
        <test-method signature="LoginErrorValidation()[pri:0, instance:selenium.tests.ErrorValidationsTest@14bdbc74]" started-at="2025-02-24T10:13:15 EST" name="LoginErrorValidation" finished-at="2025-02-24T10:13:16 EST" duration-ms="1107" status="PASS">
          <reporter-output>
          </reporter-output>
        </test-method> <!-- LoginErrorValidation -->
        <test-method is-config="true" signature="tearDown()[pri:0, instance:selenium.tests.ErrorValidationsTest@14bdbc74]" started-at="2025-02-24T10:13:16 EST" name="tearDown" finished-at="2025-02-24T10:13:18 EST" duration-ms="1665" status="PASS">
          <reporter-output>
          </reporter-output>
        </test-method> <!-- tearDown -->
        <test-method is-config="true" signature="launchApplication()[pri:0, instance:selenium.tests.ErrorValidationsTest@14bdbc74]" started-at="2025-02-24T10:13:18 EST" name="launchApplication" finished-at="2025-02-24T10:13:21 EST" duration-ms="3664" status="PASS">
          <reporter-output>
          </reporter-output>
        </test-method> <!-- launchApplication -->
        <test-method signature="ProductErrorValidation()[pri:0, instance:selenium.tests.ErrorValidationsTest@14bdbc74]" started-at="2025-02-24T10:13:21 EST" name="ProductErrorValidation" finished-at="2025-02-24T10:13:34 EST" duration-ms="12527" status="PASS">
          <reporter-output>
          </reporter-output>
        </test-method> <!-- ProductErrorValidation -->
        <test-method is-config="true" signature="tearDown()[pri:0, instance:selenium.tests.ErrorValidationsTest@14bdbc74]" started-at="2025-02-24T10:13:34 EST" name="tearDown" finished-at="2025-02-24T10:13:34 EST" duration-ms="158" status="PASS">
          <reporter-output>
          </reporter-output>
        </test-method> <!-- tearDown -->
      </class> <!-- selenium.tests.ErrorValidationsTest -->
    </test> <!-- Error validation Test -->
  </suite> <!-- Suite -->
</testng-results>
